Error for result #1 on page #1: Product Name not found
Error for result #1 on page #1: Hazard not found
Error for result #1 on page #1: Recall Date not found
Error for result #1 on page #1: Units not found
Error for result #1 on page #1: Description not found
Error for result #1 on page #1: Remedy not found
Error for result #1 on page #1: Incidents/Injuries not found
Error for result #1 on page #1: Sold at info not found
Error for result #1 on page #1: Importers/Distributors/Manufacturers/Retailers not found
Error for result #1 on page #1: Product Name not found
Error for result #1 on page #1: Hazard not found
Error for result #1 on page #1: Recall Date not found
Error for result #1 on page #1: Units not found
Error for result #1 on page #1: Description not found
Error for result #1 on page #1: Remedy not found
Error for result #1 on page #1: Incidents/Injuries not found
Error for result #1 on page #1: Sold at info not found
Error for result #1 on page #1: Importers/Distributors/Manufacturers/Retailers not found
Error for result #1 on page #1: Manufactured in info not found
Error for result #1 on page #1: Consumer contact not found
Error for result #2 on page #1: Product Name not found
Error for result #2 on page #1: Hazard not found
Error for result #2 on page #1: Recall Date not found
Error for result #2 on page #1: Units not found
Error for result #2 on page #1: Description not found
Error for result #2 on page #1: Remedy not found
Error for result #2 on page #1: Incidents/Injuries not found
Error for result #2 on page #1: Sold at info not found
Error for result #2 on page #1: Importers/Distributors/Manufacturers/Retailers not found
Error for result #2 on page #1: Manufactured in info not found
Error for result #2 on page #1: Consumer contact not found
Error for result #3 on page #1: Product Name not found
Error for result #3 on page #1: Hazard not found
Error for result #3 on page #1: Recall Date not found
Error for result #3 on page #1: Units not found
Error for result #3 on page #1: Description not found
Error for result #3 on page #1: Remedy not found
Error for result #3 on page #1: Incidents/Injuries not found
Error for result #3 on page #1: Sold at info not found
Error for result #3 on page #1: Importers/Distributors/Manufacturers/Retailers not found
Error for result #3 on page #1: Manufactured in info not found
Error for result #3 on page #1: Consumer contact not found
Error for result #4 on page #1: Product Name not found
Error for result #4 on page #1: Hazard not found
Error for result #4 on page #1: Recall Date not found
Error for result #4 on page #1: Units not found
Error for result #4 on page #1: Description not found
Error for result #4 on page #1: Remedy not found
Error for result #4 on page #1: Incidents/Injuries not found
Error for result #4 on page #1: Sold at info not found
Error for result #4 on page #1: Importers/Distributors/Manufacturers/Retailers not found
Error for result #4 on page #1: Manufactured in info not found
Error for result #4 on page #1: Consumer contact not found
Error for result #5 on page #1: Product Name not found
Error for result #5 on page #1: Hazard not found
Error for result #5 on page #1: Recall Date not found
Error for result #5 on page #1: Units not found
Error for result #5 on page #1: Description not found
Error for result #5 on page #1: Remedy not found
Error for result #5 on page #1: Incidents/Injuries not found
Error for result #5 on page #1: Sold at info not found
Error for result #5 on page #1: Importers/Distributors/Manufacturers/Retailers not found
Error for result #5 on page #1: Manufactured in info not found
Error for result #5 on page #1: Consumer contact not found
Error for result #6 on page #1: Product Name not found
Error for result #6 on page #1: Hazard not found
Error for result #6 on page #1: Recall Date not found
Error for result #6 on page #1: Units not found
Error for result #6 on page #1: Description not found
Error for result #6 on page #1: Remedy not found
Error for result #6 on page #1: Incidents/Injuries not found
Error for result #6 on page #1: Sold at info not found
Error for result #6 on page #1: Importers/Distributors/Manufacturers/Retailers not found
Error for result #6 on page #1: Manufactured in info not found
Error for result #6 on page #1: Consumer contact not found
Error for result #7 on page #1: Product Name not found
Error for result #7 on page #1: Hazard not found
Error for result #7 on page #1: Recall Date not found
Error for result #7 on page #1: Units not found
Error for result #7 on page #1: Description not found
Error for result #7 on page #1: Remedy not found
Error for result #7 on page #1: Incidents/Injuries not found
Error for result #7 on page #1: Sold at info not found
Error for result #7 on page #1: Importers/Distributors/Manufacturers/Retailers not found
Error for result #7 on page #1: Manufactured in info not found
Error for result #7 on page #1: Consumer contact not found
Error for result #8 on page #1: Product Name not found
Error for result #8 on page #1: Hazard not found
Error for result #8 on page #1: Recall Date not found
Error for result #8 on page #1: Units not found
Error for result #8 on page #1: Description not found
Error for result #8 on page #1: Remedy not found
Error for result #8 on page #1: Incidents/Injuries not found
Error for result #8 on page #1: Sold at info not found
Error for result #8 on page #1: Importers/Distributors/Manufacturers/Retailers not found
Error for result #8 on page #1: Manufactured in info not found
Error for result #8 on page #1: Consumer contact not found
Error for result #9 on page #1: Product Name not found
Error for result #9 on page #1: Hazard not found
Error for result #9 on page #1: Recall Date not found
Error for result #9 on page #1: Units not found
Error for result #9 on page #1: Description not found
Error for result #9 on page #1: Remedy not found
Error for result #9 on page #1: Incidents/Injuries not found
Error for result #9 on page #1: Sold at info not found
Error for result #9 on page #1: Importers/Distributors/Manufacturers/Retailers not found
Error for result #9 on page #1: Manufactured in info not found
Error for result #9 on page #1: Consumer contact not found
Error for result #10 on page #1: Product Name not found
Error for result #10 on page #1: Hazard not found
Error for result #10 on page #1: Recall Date not found
Error for result #10 on page #1: Units not found
Error for result #10 on page #1: Description not found
Error for result #10 on page #1: Remedy not found
Error for result #10 on page #1: Incidents/Injuries not found
Error for result #10 on page #1: Sold at info not found
Error for result #10 on page #1: Importers/Distributors/Manufacturers/Retailers not found
Error for result #10 on page #1: Manufactured in info not found
Error for result #10 on page #1: Consumer contact not found
Error for result #11 on page #2: Product Name not found
Error for result #11 on page #2: Hazard not found
Error for result #11 on page #2: Recall Date not found
Error for result #11 on page #2: Units not found
Error for result #11 on page #2: Description not found
Error for result #11 on page #2: Remedy not found
Error for result #11 on page #2: Incidents/Injuries not found
Error for result #11 on page #2: Sold at info not found
Error for result #11 on page #2: Importers/Distributors/Manufacturers/Retailers not found
Error for result #11 on page #2: Manufactured in info not found
Error for result #11 on page #2: Consumer contact not found
Error for result #12 on page #2: Product Name not found
Error for result #12 on page #2: Hazard not found
Error for result #12 on page #2: Recall Date not found
Error for result #12 on page #2: Units not found
Error for result #12 on page #2: Description not found
Error for result #12 on page #2: Remedy not found
Error for result #12 on page #2: Incidents/Injuries not found
Error for result #12 on page #2: Sold at info not found
Error for result #12 on page #2: Importers/Distributors/Manufacturers/Retailers not found
Error for result #12 on page #2: Manufactured in info not found
Error for result #12 on page #2: Consumer contact not found
Error for result #13 on page #2: Product Name not found
Error for result #13 on page #2: Hazard not found
Error for result #13 on page #2: Recall Date not found
Error for result #13 on page #2: Units not found
Error for result #13 on page #2: Description not found
Error for result #13 on page #2: Remedy not found
Error for result #13 on page #2: Incidents/Injuries not found
Error for result #13 on page #2: Sold at info not found
Error for result #13 on page #2: Importers/Distributors/Manufacturers/Retailers not found
Error for result #13 on page #2: Manufactured in info not found
Error for result #13 on page #2: Consumer contact not found
Error for result #14 on page #2: Product Name not found
Error for result #14 on page #2: Hazard not found
Error for result #14 on page #2: Recall Date not found
Error for result #14 on page #2: Units not found
Error for result #14 on page #2: Description not found
Error for result #14 on page #2: Remedy not found
Error for result #14 on page #2: Incidents/Injuries not found
Error for result #14 on page #2: Sold at info not found
Error for result #14 on page #2: Importers/Distributors/Manufacturers/Retailers not found
Error for result #14 on page #2: Manufactured in info not found
Error for result #14 on page #2: Consumer contact not found
Error for result #15 on page #2: Product Name not found
Error for result #15 on page #2: Hazard not found
Error for result #15 on page #2: Recall Date not found
Error for result #15 on page #2: Units not found
Error for result #15 on page #2: Description not found
Error for result #15 on page #2: Remedy not found
Error for result #15 on page #2: Incidents/Injuries not found
Error for result #15 on page #2: Sold at info not found
Error for result #15 on page #2: Importers/Distributors/Manufacturers/Retailers not found
Error for result #15 on page #2: Manufactured in info not found
Error for result #15 on page #2: Consumer contact not found
Error for result #16 on page #2: Product Name not found
Error for result #16 on page #2: Hazard not found
Error for result #16 on page #2: Recall Date not found
Error for result #16 on page #2: Units not found
Error for result #16 on page #2: Description not found
Error for result #16 on page #2: Remedy not found
Error for result #16 on page #2: Incidents/Injuries not found
Error for result #16 on page #2: Sold at info not found
Error for result #16 on page #2: Importers/Distributors/Manufacturers/Retailers not found
Error for result #16 on page #2: Manufactured in info not found
Error for result #16 on page #2: Consumer contact not found
Error for result #17 on page #2: Product Name not found
Error for result #17 on page #2: Hazard not found
Error for result #17 on page #2: Recall Date not found
Error for result #17 on page #2: Units not found
Error for result #17 on page #2: Description not found
Error for result #17 on page #2: Remedy not found
Error for result #17 on page #2: Incidents/Injuries not found
Error for result #17 on page #2: Sold at info not found
Error for result #17 on page #2: Importers/Distributors/Manufacturers/Retailers not found
Error for result #17 on page #2: Manufactured in info not found
Error for result #17 on page #2: Consumer contact not found
Error for result #18 on page #2: Product Name not found
Error for result #18 on page #2: Hazard not found
Error for result #18 on page #2: Recall Date not found
Error for result #18 on page #2: Units not found
Error for result #18 on page #2: Description not found
Error for result #18 on page #2: Remedy not found
Error for result #18 on page #2: Incidents/Injuries not found
Error for result #18 on page #2: Sold at info not found
Error for result #18 on page #2: Importers/Distributors/Manufacturers/Retailers not found
Error for result #18 on page #2: Manufactured in info not found
Error for result #18 on page #2: Consumer contact not found
Error for result #19 on page #2: Product Name not found
Error for result #19 on page #2: Hazard not found
Error for result #19 on page #2: Recall Date not found
Error for result #19 on page #2: Units not found
Error for result #19 on page #2: Description not found
Error for result #19 on page #2: Remedy not found
Error for result #19 on page #2: Incidents/Injuries not found
Error for result #19 on page #2: Sold at info not found
Error for result #19 on page #2: Importers/Distributors/Manufacturers/Retailers not found
Error for result #19 on page #2: Manufactured in info not found
Error for result #19 on page #2: Consumer contact not found
Error for result #20 on page #2: Product Name not found
Error for result #20 on page #2: Hazard not found
Error for result #20 on page #2: Recall Date not found
Error for result #20 on page #2: Units not found
Error for result #20 on page #2: Description not found
Error for result #20 on page #2: Remedy not found
Error for result #20 on page #2: Incidents/Injuries not found
Error for result #20 on page #2: Sold at info not found
Error for result #20 on page #2: Importers/Distributors/Manufacturers/Retailers not found
Error for result #20 on page #2: Manufactured in info not found
Error for result #20 on page #2: Consumer contact not found
Error for result #1 on page #1: Remedy not found
Error for result #1 on page #1: Remedy not found
Error for result #1 on page #1: Recall Date not found
Error for result #1 on page #1: Units not found
Error for result #1 on page #1: Remedy not found
Error for result #2 on page #1: Remedy not found
Error for result #2 on page #1: Recall Date not found
Error for result #2 on page #1: Units not found
Error for result #2 on page #1: Remedy not found
Error for result #2 on page #1: Sold at info not found
Error for result #3 on page #1: Recall Date not found
Error for result #3 on page #1: Units not found
Error for result #3 on page #1: Remedy not found
Error for result #4 on page #1: Recall Date not found
Error for result #4 on page #1: Units not found
Error for result #4 on page #1: Remedy not found
Error for result #5 on page #1: Remedy not found
Error for result #5 on page #1: Recall Date not found
Error for result #5 on page #1: Units not found
Error for result #5 on page #1: Remedy not found
Error for result #6 on page #1: Recall Date not found
Error for result #6 on page #1: Units not found
Error for result #6 on page #1: Remedy not found
Error for result #7 on page #1: Remedy not found
Error for result #7 on page #1: Recall Date not found
Error for result #7 on page #1: Units not found
Error for result #7 on page #1: Description not found
Error for result #7 on page #1: Remedy not found
Error for result #8 on page #1: Remedy not found
Error for result #8 on page #1: Recall Date not found
Error for result #8 on page #1: Units not found
Error for result #8 on page #1: Remedy not found
Error for result #9 on page #1: Recall Date not found
Error for result #9 on page #1: Units not found
Error for result #9 on page #1: Remedy not found
Error for result #10 on page #1: Remedy not found
Error for result #10 on page #1: Recall Date not found
Error for result #10 on page #1: Units not found
Error for result #10 on page #1: Remedy not found
Error for result #11 on page #2: Remedy not found
Error for result #11 on page #2: Recall Date not found
Error for result #11 on page #2: Units not found
Error for result #11 on page #2: Remedy not found
Error for result #12 on page #2: Recall Date not found
Error for result #12 on page #2: Units not found
Error for result #12 on page #2: Remedy not found
Error for result #13 on page #2: Remedy not found
Error for result #13 on page #2: Recall Date not found
Error for result #13 on page #2: Units not found
Error for result #13 on page #2: Remedy not found
Error for result #13 on page #2: Manufactured in info not found
Error for result #14 on page #2: Remedy not found
Error for result #14 on page #2: Recall Date not found
Error for result #14 on page #2: Units not found
Error for result #14 on page #2: Remedy not found
Error for result #14 on page #2: Recall number not found
Error for result #14 on page #2: Consumer contact not found
